[0.057s] DEBUG:colcon:Command line arguments: ['/usr/bin/colcon', 'list', '-p', '--base-paths', '/home/tanay/ivdc_ps']
[0.057s] DEBUG:colcon:Parsed command line arguments: Namespace(log_base=None, log_level=None, verb_name='list', build_base='build', ignore_user_meta=False, metas=['./colcon.meta'], base_paths=['/home/tanay/ivdc_ps'], packages_ignore=None, packages_ignore_regex=None, paths=None, packages_up_to=None, packages_up_to_regex=None, packages_above=None, packages_above_and_dependencies=None, packages_above_depth=None, packages_select_by_dep=None, packages_skip_by_dep=None, packages_skip_up_to=None, packages_select_build_failed=False, packages_skip_build_finished=False, packages_select_test_failures=False, packages_skip_test_passed=False, packages_select=None, packages_skip=None, packages_select_regex=None, packages_skip_regex=None, packages_start=None, packages_end=None, allow_overriding=[], topological_order=False, names_only=False, paths_only=True, topological_graph=False, topological_graph_dot=False, topological_graph_density=False, topological_graph_legend=False, topological_graph_dot_cluster=False, topological_graph_dot_include_skipped=False, verb_parser=<colcon_defaults.argument_parser.defaults.DefaultArgumentsDecorator object at 0x77785a4fd900>, verb_extension=<colcon_package_information.verb.list.ListVerb object at 0x77785a66d4e0>, main=<bound method ListVerb.main of <colcon_package_information.verb.list.ListVerb object at 0x77785a66d4e0>>)
[0.160s] Level 1:colcon.colcon_core.package_discovery:discover_packages(colcon_meta) check parameters
[0.160s] Level 1:colcon.colcon_core.package_discovery:discover_packages(recursive) check parameters
[0.160s] Level 1:colcon.colcon_core.package_discovery:discover_packages(ignore) check parameters
[0.160s] Level 1:colcon.colcon_core.package_discovery:discover_packages(path) check parameters
[0.160s] Level 1:colcon.colcon_core.package_discovery:discover_packages(recursive) discover
[0.160s] INFO:colcon.colcon_core.package_discovery:Crawling recursively for packages in '/home/tanay/ivdc_ps'
[0.160s] Level 1:colcon.colcon_core.package_identification:_identify(/home/tanay/ivdc_ps) by extensions ['ignore', 'ignore_ament_install']
[0.160s] Level 1:colcon.colcon_core.package_identification:_identify(/home/tanay/ivdc_ps) by extension 'ignore'
[0.160s] Level 1:colcon.colcon_core.package_identification:_identify(/home/tanay/ivdc_ps) by extension 'ignore_ament_install'
[0.160s] Level 1:colcon.colcon_core.package_identification:_identify(/home/tanay/ivdc_ps) by extensions ['colcon_pkg']
[0.160s] Level 1:colcon.colcon_core.package_identification:_identify(/home/tanay/ivdc_ps) by extension 'colcon_pkg'
[0.160s] Level 1:colcon.colcon_core.package_identification:_identify(/home/tanay/ivdc_ps) by extensions ['colcon_meta']
[0.160s] Level 1:colcon.colcon_core.package_identification:_identify(/home/tanay/ivdc_ps) by extension 'colcon_meta'
[0.160s] Level 1:colcon.colcon_core.package_identification:_identify(/home/tanay/ivdc_ps) by extensions ['ros']
[0.160s] Level 1:colcon.colcon_core.package_identification:_identify(/home/tanay/ivdc_ps) by extension 'ros'
[0.168s] Level 1:colcon.colcon_core.package_identification:_identify(/home/tanay/ivdc_ps) by extensions ['cmake', 'python']
[0.168s] Level 1:colcon.colcon_core.package_identification:_identify(/home/tanay/ivdc_ps) by extension 'cmake'
[0.168s] Level 1:colcon.colcon_core.package_identification:_identify(/home/tanay/ivdc_ps) by extension 'python'
[0.168s] Level 1:colcon.colcon_core.package_identification:_identify(/home/tanay/ivdc_ps) by extensions ['python_setup_py']
[0.168s] Level 1:colcon.colcon_core.package_identification:_identify(/home/tanay/ivdc_ps) by extension 'python_setup_py'
[0.168s] Level 1:colcon.colcon_core.package_identification:_identify(/home/tanay/ivdc_ps/log) by extensions ['ignore', 'ignore_ament_install']
[0.168s] Level 1:colcon.colcon_core.package_identification:_identify(/home/tanay/ivdc_ps/log) by extension 'ignore'
[0.168s] Level 1:colcon.colcon_core.package_identification:_identify(/home/tanay/ivdc_ps/log) ignored
[0.168s] Level 1:colcon.colcon_core.package_identification:_identify(/home/tanay/ivdc_ps/src) by extensions ['ignore', 'ignore_ament_install']
[0.168s] Level 1:colcon.colcon_core.package_identification:_identify(/home/tanay/ivdc_ps/src) by extension 'ignore'
[0.168s] Level 1:colcon.colcon_core.package_identification:_identify(/home/tanay/ivdc_ps/src) by extension 'ignore_ament_install'
[0.168s] Level 1:colcon.colcon_core.package_identification:_identify(/home/tanay/ivdc_ps/src) by extensions ['colcon_pkg']
[0.168s] Level 1:colcon.colcon_core.package_identification:_identify(/home/tanay/ivdc_ps/src) by extension 'colcon_pkg'
[0.168s] Level 1:colcon.colcon_core.package_identification:_identify(/home/tanay/ivdc_ps/src) by extensions ['colcon_meta']
[0.168s] Level 1:colcon.colcon_core.package_identification:_identify(/home/tanay/ivdc_ps/src) by extension 'colcon_meta'
[0.168s] Level 1:colcon.colcon_core.package_identification:_identify(/home/tanay/ivdc_ps/src) by extensions ['ros']
[0.168s] Level 1:colcon.colcon_core.package_identification:_identify(/home/tanay/ivdc_ps/src) by extension 'ros'
[0.168s] Level 1:colcon.colcon_core.package_identification:_identify(/home/tanay/ivdc_ps/src) by extensions ['cmake', 'python']
[0.168s] Level 1:colcon.colcon_core.package_identification:_identify(/home/tanay/ivdc_ps/src) by extension 'cmake'
[0.168s] Level 1:colcon.colcon_core.package_identification:_identify(/home/tanay/ivdc_ps/src) by extension 'python'
[0.168s] Level 1:colcon.colcon_core.package_identification:_identify(/home/tanay/ivdc_ps/src) by extensions ['python_setup_py']
[0.168s] Level 1:colcon.colcon_core.package_identification:_identify(/home/tanay/ivdc_ps/src) by extension 'python_setup_py'
[0.168s] Level 1:colcon.colcon_core.package_identification:_identify(/home/tanay/ivdc_ps/src/lane_detection) by extensions ['ignore', 'ignore_ament_install']
[0.168s] Level 1:colcon.colcon_core.package_identification:_identify(/home/tanay/ivdc_ps/src/lane_detection) by extension 'ignore'
[0.169s] Level 1:colcon.colcon_core.package_identification:_identify(/home/tanay/ivdc_ps/src/lane_detection) by extension 'ignore_ament_install'
[0.169s] Level 1:colcon.colcon_core.package_identification:_identify(/home/tanay/ivdc_ps/src/lane_detection) by extensions ['colcon_pkg']
[0.169s] Level 1:colcon.colcon_core.package_identification:_identify(/home/tanay/ivdc_ps/src/lane_detection) by extension 'colcon_pkg'
[0.169s] Level 1:colcon.colcon_core.package_identification:_identify(/home/tanay/ivdc_ps/src/lane_detection) by extensions ['colcon_meta']
[0.169s] Level 1:colcon.colcon_core.package_identification:_identify(/home/tanay/ivdc_ps/src/lane_detection) by extension 'colcon_meta'
[0.169s] Level 1:colcon.colcon_core.package_identification:_identify(/home/tanay/ivdc_ps/src/lane_detection) by extensions ['ros']
[0.169s] Level 1:colcon.colcon_core.package_identification:_identify(/home/tanay/ivdc_ps/src/lane_detection) by extension 'ros'
[0.170s] DEBUG:colcon.colcon_core.package_identification:Package '/home/tanay/ivdc_ps/src/lane_detection' with type 'ros.ament_python' and name 'lane_detection'
[0.170s] Level 1:colcon.colcon_core.package_discovery:discover_packages(recursive) using defaults
