[0.383s] Invoking command in '/home/tanay/ivdc_ps/src/lane_detection': PYTHONPATH=/home/tanay/ivdc_ps/build/lane_detection/prefix_override:/usr/lib/python3/dist-packages/colcon_core/task/python/colcon_distutils_commands:/home/tanay/ivdc_ps/install/lane_detection/lib/python3.10/site-packages:${PYTHONPATH} /usr/bin/python3 -W ignore:setup.py install is deprecated setup.py egg_info --egg-base ../../build/lane_detection build --build-base /home/tanay/ivdc_ps/build/lane_detection/build install --record /home/tanay/ivdc_ps/build/lane_detection/install.log --single-version-externally-managed install_data
[0.522s] running egg_info
[0.522s] writing ../../build/lane_detection/lane_detection.egg-info/PKG-INFO
[0.522s] writing dependency_links to ../../build/lane_detection/lane_detection.egg-info/dependency_links.txt
[0.522s] writing entry points to ../../build/lane_detection/lane_detection.egg-info/entry_points.txt
[0.522s] writing requirements to ../../build/lane_detection/lane_detection.egg-info/requires.txt
[0.523s] writing top-level names to ../../build/lane_detection/lane_detection.egg-info/top_level.txt
[0.524s] reading manifest file '../../build/lane_detection/lane_detection.egg-info/SOURCES.txt'
[0.524s] writing manifest file '../../build/lane_detection/lane_detection.egg-info/SOURCES.txt'
[0.524s] running build
[0.524s] running build_py
[0.524s] copying lane_detection/lane_detection_node.py -> /home/tanay/ivdc_ps/build/lane_detection/build/lib/lane_detection
[0.524s] running install
[0.525s] running install_lib
[0.525s] copying /home/tanay/ivdc_ps/build/lane_detection/build/lib/lane_detection/lane_detection_node.py -> /home/tanay/ivdc_ps/install/lane_detection/lib/python3.10/site-packages/lane_detection
[0.525s] byte-compiling /home/tanay/ivdc_ps/install/lane_detection/lib/python3.10/site-packages/lane_detection/lane_detection_node.py to lane_detection_node.cpython-310.pyc
[0.526s] running install_data
[0.526s] running install_egg_info
[0.527s] removing '/home/tanay/ivdc_ps/install/lane_detection/lib/python3.10/site-packages/lane_detection-0.0.0-py3.10.egg-info' (and everything under it)
[0.527s] Copying ../../build/lane_detection/lane_detection.egg-info to /home/tanay/ivdc_ps/install/lane_detection/lib/python3.10/site-packages/lane_detection-0.0.0-py3.10.egg-info
[0.528s] running install_scripts
[0.541s] Installing black_road_detection_node script to /home/tanay/ivdc_ps/install/lane_detection/lib/lane_detection
[0.541s] writing list of installed files to '/home/tanay/ivdc_ps/build/lane_detection/install.log'
[0.555s] Invoked command in '/home/tanay/ivdc_ps/src/lane_detection' returned '0': PYTHONPATH=/home/tanay/ivdc_ps/build/lane_detection/prefix_override:/usr/lib/python3/dist-packages/colcon_core/task/python/colcon_distutils_commands:/home/tanay/ivdc_ps/install/lane_detection/lib/python3.10/site-packages:${PYTHONPATH} /usr/bin/python3 -W ignore:setup.py install is deprecated setup.py egg_info --egg-base ../../build/lane_detection build --build-base /home/tanay/ivdc_ps/build/lane_detection/build install --record /home/tanay/ivdc_ps/build/lane_detection/install.log --single-version-externally-managed install_data
