running egg_info
creating ../build/lane_detection/lane_detection.egg-info
writing ../build/lane_detection/lane_detection.egg-info/PKG-INFO
writing dependency_links to ../build/lane_detection/lane_detection.egg-info/dependency_links.txt
writing entry points to ../build/lane_detection/lane_detection.egg-info/entry_points.txt
writing requirements to ../build/lane_detection/lane_detection.egg-info/requires.txt
writing top-level names to ../build/lane_detection/lane_detection.egg-info/top_level.txt
writing manifest file '../build/lane_detection/lane_detection.egg-info/SOURCES.txt'
reading manifest file '../build/lane_detection/lane_detection.egg-info/SOURCES.txt'
writing manifest file '../build/lane_detection/lane_detection.egg-info/SOURCES.txt'
running build
running build_py
creating /home/tanay/ivdc_ps/src/build/lane_detection/build
creating /home/tanay/ivdc_ps/src/build/lane_detection/build/lib
creating /home/tanay/ivdc_ps/src/build/lane_detection/build/lib/lane_detection
copying lane_detection/lane_detection_node.py -> /home/tanay/ivdc_ps/src/build/lane_detection/build/lib/lane_detection
copying lane_detection/__init__.py -> /home/tanay/ivdc_ps/src/build/lane_detection/build/lib/lane_detection
running install
running install_lib
creating /home/tanay/ivdc_ps/src/install/lane_detection/lib/python3.10/site-packages/lane_detection
copying /home/tanay/ivdc_ps/src/build/lane_detection/build/lib/lane_detection/lane_detection_node.py -> /home/tanay/ivdc_ps/src/install/lane_detection/lib/python3.10/site-packages/lane_detection
copying /home/tanay/ivdc_ps/src/build/lane_detection/build/lib/lane_detection/__init__.py -> /home/tanay/ivdc_ps/src/install/lane_detection/lib/python3.10/site-packages/lane_detection
byte-compiling /home/tanay/ivdc_ps/src/install/lane_detection/lib/python3.10/site-packages/lane_detection/lane_detection_node.py to lane_detection_node.cpython-310.pyc
byte-compiling /home/tanay/ivdc_ps/src/install/lane_detection/lib/python3.10/site-packages/lane_detection/__init__.py to __init__.cpython-310.pyc
running install_data
creating /home/tanay/ivdc_ps/src/install/lane_detection/share/ament_index
creating /home/tanay/ivdc_ps/src/install/lane_detection/share/ament_index/resource_index
creating /home/tanay/ivdc_ps/src/install/lane_detection/share/ament_index/resource_index/packages
copying resource/lane_detection -> /home/tanay/ivdc_ps/src/install/lane_detection/share/ament_index/resource_index/packages
copying package.xml -> /home/tanay/ivdc_ps/src/install/lane_detection/share/lane_detection
running install_egg_info
Copying ../build/lane_detection/lane_detection.egg-info to /home/tanay/ivdc_ps/src/install/lane_detection/lib/python3.10/site-packages/lane_detection-0.0.0-py3.10.egg-info
running install_scripts
Installing lane_detection_node script to /home/tanay/ivdc_ps/src/install/lane_detection/lib/lane_detection
writing list of installed files to '/home/tanay/ivdc_ps/src/build/lane_detection/install.log'
