[0.450s] Invoking command in '/home/tanay/ivdc_ps/src/lane_detection': PYTHONPATH=/home/tanay/ivdc_ps/build/lane_detection/prefix_override:/usr/lib/python3/dist-packages/colcon_core/task/python/colcon_distutils_commands:/home/tanay/ivdc_ps/install/lane_detection/lib/python3.10/site-packages:${PYTHONPATH} /usr/bin/python3 -W ignore:setup.py install is deprecated setup.py egg_info --egg-base ../../build/lane_detection build --build-base /home/tanay/ivdc_ps/build/lane_detection/build install --record /home/tanay/ivdc_ps/build/lane_detection/install.log --single-version-externally-managed install_data
[0.619s] running egg_info
[0.619s] creating ../../build/lane_detection/lane_detection.egg-info
[0.619s] writing ../../build/lane_detection/lane_detection.egg-info/PKG-INFO
[0.619s] writing dependency_links to ../../build/lane_detection/lane_detection.egg-info/dependency_links.txt
[0.619s] writing entry points to ../../build/lane_detection/lane_detection.egg-info/entry_points.txt
[0.619s] writing requirements to ../../build/lane_detection/lane_detection.egg-info/requires.txt
[0.620s] writing top-level names to ../../build/lane_detection/lane_detection.egg-info/top_level.txt
[0.620s] writing manifest file '../../build/lane_detection/lane_detection.egg-info/SOURCES.txt'
[0.621s] reading manifest file '../../build/lane_detection/lane_detection.egg-info/SOURCES.txt'
[0.621s] writing manifest file '../../build/lane_detection/lane_detection.egg-info/SOURCES.txt'
[0.621s] running build
[0.621s] running build_py
[0.621s] creating /home/tanay/ivdc_ps/build/lane_detection/build
[0.622s] creating /home/tanay/ivdc_ps/build/lane_detection/build/lib
[0.622s] creating /home/tanay/ivdc_ps/build/lane_detection/build/lib/lane_detection
[0.622s] copying lane_detection/lane_detection_node.py -> /home/tanay/ivdc_ps/build/lane_detection/build/lib/lane_detection
[0.622s] copying lane_detection/__init__.py -> /home/tanay/ivdc_ps/build/lane_detection/build/lib/lane_detection
[0.622s] running install
[0.622s] running install_lib
[0.622s] creating /home/tanay/ivdc_ps/install/lane_detection/lib/python3.10/site-packages/lane_detection
[0.622s] copying /home/tanay/ivdc_ps/build/lane_detection/build/lib/lane_detection/lane_detection_node.py -> /home/tanay/ivdc_ps/install/lane_detection/lib/python3.10/site-packages/lane_detection
[0.622s] copying /home/tanay/ivdc_ps/build/lane_detection/build/lib/lane_detection/__init__.py -> /home/tanay/ivdc_ps/install/lane_detection/lib/python3.10/site-packages/lane_detection
[0.622s] byte-compiling /home/tanay/ivdc_ps/install/lane_detection/lib/python3.10/site-packages/lane_detection/lane_detection_node.py to lane_detection_node.cpython-310.pyc
[0.623s] byte-compiling /home/tanay/ivdc_ps/install/lane_detection/lib/python3.10/site-packages/lane_detection/__init__.py to __init__.cpython-310.pyc
[0.623s] running install_data
[0.624s] creating /home/tanay/ivdc_ps/install/lane_detection/share/ament_index
[0.624s] creating /home/tanay/ivdc_ps/install/lane_detection/share/ament_index/resource_index
[0.624s] creating /home/tanay/ivdc_ps/install/lane_detection/share/ament_index/resource_index/packages
[0.624s] copying resource/lane_detection -> /home/tanay/ivdc_ps/install/lane_detection/share/ament_index/resource_index/packages
[0.624s] copying package.xml -> /home/tanay/ivdc_ps/install/lane_detection/share/lane_detection
[0.624s] running install_egg_info
[0.625s] Copying ../../build/lane_detection/lane_detection.egg-info to /home/tanay/ivdc_ps/install/lane_detection/lib/python3.10/site-packages/lane_detection-0.0.0-py3.10.egg-info
[0.626s] running install_scripts
[0.641s] Installing lane_detection_node script to /home/tanay/ivdc_ps/install/lane_detection/lib/lane_detection
[0.641s] writing list of installed files to '/home/tanay/ivdc_ps/build/lane_detection/install.log'
[0.657s] Invoked command in '/home/tanay/ivdc_ps/src/lane_detection' returned '0': PYTHONPATH=/home/tanay/ivdc_ps/build/lane_detection/prefix_override:/usr/lib/python3/dist-packages/colcon_core/task/python/colcon_distutils_commands:/home/tanay/ivdc_ps/install/lane_detection/lib/python3.10/site-packages:${PYTHONPATH} /usr/bin/python3 -W ignore:setup.py install is deprecated setup.py egg_info --egg-base ../../build/lane_detection build --build-base /home/tanay/ivdc_ps/build/lane_detection/build install --record /home/tanay/ivdc_ps/build/lane_detection/install.log --single-version-externally-managed install_data
