running egg_info
writing ../../build/lane_detection/lane_detection.egg-info/PKG-INFO
writing dependency_links to ../../build/lane_detection/lane_detection.egg-info/dependency_links.txt
writing entry points to ../../build/lane_detection/lane_detection.egg-info/entry_points.txt
writing requirements to ../../build/lane_detection/lane_detection.egg-info/requires.txt
writing top-level names to ../../build/lane_detection/lane_detection.egg-info/top_level.txt
reading manifest file '../../build/lane_detection/lane_detection.egg-info/SOURCES.txt'
writing manifest file '../../build/lane_detection/lane_detection.egg-info/SOURCES.txt'
running build
running build_py
copying lane_detection/lane_detection_node.py -> /home/tanay/ivdc_ps/build/lane_detection/build/lib/lane_detection
running install
running install_lib
copying /home/tanay/ivdc_ps/build/lane_detection/build/lib/lane_detection/lane_detection_node.py -> /home/tanay/ivdc_ps/install/lane_detection/lib/python3.10/site-packages/lane_detection
byte-compiling /home/tanay/ivdc_ps/install/lane_detection/lib/python3.10/site-packages/lane_detection/lane_detection_node.py to lane_detection_node.cpython-310.pyc
running install_data
running install_egg_info
removing '/home/tanay/ivdc_ps/install/lane_detection/lib/python3.10/site-packages/lane_detection-0.0.0-py3.10.egg-info' (and everything under it)
Copying ../../build/lane_detection/lane_detection.egg-info to /home/tanay/ivdc_ps/install/lane_detection/lib/python3.10/site-packages/lane_detection-0.0.0-py3.10.egg-info
running install_scripts
Installing black_road_detection_node script to /home/tanay/ivdc_ps/install/lane_detection/lib/lane_detection
writing list of installed files to '/home/tanay/ivdc_ps/build/lane_detection/install.log'
