[0.479s] Invoking command in '/home/tanay/ivdc_ps/src/lane_detection': PYTHONPATH=/home/tanay/ivdc_ps/build/lane_detection/prefix_override:/usr/lib/python3/dist-packages/colcon_core/task/python/colcon_distutils_commands:/home/tanay/ivdc_ps/install/lane_detection/lib/python3.10/site-packages:${PYTHONPATH} /usr/bin/python3 -W ignore:setup.py install is deprecated setup.py egg_info --egg-base ../../build/lane_detection build --build-base /home/tanay/ivdc_ps/build/lane_detection/build install --record /home/tanay/ivdc_ps/build/lane_detection/install.log --single-version-externally-managed install_data
[0.637s] running egg_info
[0.637s] writing ../../build/lane_detection/lane_detection.egg-info/PKG-INFO
[0.647s] writing dependency_links to ../../build/lane_detection/lane_detection.egg-info/dependency_links.txt
[0.647s] writing entry points to ../../build/lane_detection/lane_detection.egg-info/entry_points.txt
[0.647s] writing requirements to ../../build/lane_detection/lane_detection.egg-info/requires.txt
[0.647s] writing top-level names to ../../build/lane_detection/lane_detection.egg-info/top_level.txt
[0.648s] reading manifest file '../../build/lane_detection/lane_detection.egg-info/SOURCES.txt'
[0.649s] writing manifest file '../../build/lane_detection/lane_detection.egg-info/SOURCES.txt'
[0.649s] running build
[0.649s] running build_py
[0.650s] running install
[0.650s] running install_lib
[0.651s] running install_data
[0.652s] running install_egg_info
[0.653s] removing '/home/tanay/ivdc_ps/install/lane_detection/lib/python3.10/site-packages/lane_detection-0.0.0-py3.10.egg-info' (and everything under it)
[0.653s] Copying ../../build/lane_detection/lane_detection.egg-info to /home/tanay/ivdc_ps/install/lane_detection/lib/python3.10/site-packages/lane_detection-0.0.0-py3.10.egg-info
[0.654s] running install_scripts
[0.669s] Installing black_road_detection_node script to /home/tanay/ivdc_ps/install/lane_detection/lib/lane_detection
[0.669s] writing list of installed files to '/home/tanay/ivdc_ps/build/lane_detection/install.log'
[0.685s] Invoked command in '/home/tanay/ivdc_ps/src/lane_detection' returned '0': PYTHONPATH=/home/tanay/ivdc_ps/build/lane_detection/prefix_override:/usr/lib/python3/dist-packages/colcon_core/task/python/colcon_distutils_commands:/home/tanay/ivdc_ps/install/lane_detection/lib/python3.10/site-packages:${PYTHONPATH} /usr/bin/python3 -W ignore:setup.py install is deprecated setup.py egg_info --egg-base ../../build/lane_detection build --build-base /home/tanay/ivdc_ps/build/lane_detection/build install --record /home/tanay/ivdc_ps/build/lane_detection/install.log --single-version-externally-managed install_data
